atoms.c(340): Warning! W131: No prototype found for function 'Get_Key_Once'
atoms.c(477): Warning! W131: No prototype found for function 'Keyboard_Disable_Till_Up_Event'
atoms.c(500): Warning! W131: No prototype found for function 'Sleep_Key'
atoms.c(541): Warning! W131: No prototype found for function 'Keyboard_Install_Driver'
atoms.c(578): Warning! W131: No prototype found for function 'Keyboard_Restore_Driver'
atoms.c(629): Warning! W131: No prototype found for function 'fill_screen'
atoms.c(1069): Warning! W131: No prototype found for function 'check_collision'
atoms.c(1220): Warning! W131: No prototype found for function 'Get_Any_Key'
atoms.c(1266): Warning! W131: No prototype found for function 'Get_Key'
atoms.c(1744): Warning! W131: No prototype found for function 'textbackground'
atoms.c(1744): Error! E1011: Symbol 'BLACK' has not been declared
atoms.c(1746): Error! E1011: Symbol 'RED' has not been declared
atoms.c(1746): Warning! W131: No prototype found for function 'textcolor'
atoms.c(1746): Error! E1011: Symbol 'YELLOW' has not been declared
atoms.c(1748): Error! E1011: Symbol 'WHITE' has not been declared
atoms.c(1750): Error! E1011: Symbol 'MAGENTA' has not been declared
atoms.c(1751): Error! E1011: Symbol 'BLUE' has not been declared
atoms.c(1752): Error! E1011: Symbol 'BROWN' has not been declared
atoms.c(1755): Error! E1011: Symbol 'GREEN' has not been declared
atoms.c(1756): Error! E1011: Symbol 'CYAN' has not been declared
atoms.c(1791): Warning! W138: No newline at end of file
